Nó 4
-71
-71
-70
-69
-65
-71
-71
-67
-74
-72
-73
-73
-73
-70
-71
-70
-68
-71
-69
-73
-74
-72
-73
-73
-70
-76
-70
-69
-70
-72
-71
-70
-69
-69
-69
-70
-72
-69
-69
-69
-70
-70
-70
-71
-67
-70
-69
-69
-68
-69
-69
-68
-70
-70
-68
-70
-70
-70
-69
-70
-70
-68
-70
-69
-66
-69
-70
-68
-68
-70
-69
-69
-69
-69
-70
-69
-69
-70
-69
-68
-69
-68
-68
-72
-69
-66
-70
-72
-71
-71
-71
-69
-69
-70
-68
-68
-68
-68
-69
-69
No3
-56
-56
-57
-55
-50
-56
-56
-56
-56
-56
-57
-56
-57
-57
-58
-57
-57
-57
-57
-56
-57
-56
-57
-55
-61
-60
-61
-65
-61
-57
-58
-57
-57
-57
-56
-57
-57
-56
-55
-55
-57
-61
-52
-55
-56
-57
-57
-56
-55
-55
-56
-56
-56
-56
-55
-55
-56
-56
-55
-55
-55
-55
-55
-56
-55
-56
-50
-52
-55
-56
-56
-56
-57
-56
-56
-56
-55
-56
-56
-56
-55
-56
-55
-55
-56
-58
-58
-57
-57
-56
-56
-57
-56
-56
-55
-56
-56
-56
-55
-56
No2
-53
-53
-52
-52
-51
-52
-51
-52
-53
-51
-51
-51
-54
-55
-51
-54
-51
-52
-53
-55
-57
-55
-55
-56
-54
-53
-54
-54
-53
-55
-54
-53
-52
-52
-53
-53
-53
-53
-51
-53
-54
-53
-53
-54
-51
-52
-53
-53
-53
-52
-53
-54
-55
-60
-53
-55
-53
-55
-54
-55
-52
-55
-55
-54
-54
-54
-55
-53
-53
-53
-54
-54
-56
-56
