Nó 4
-63
-64
-63
-63
-66
-66
-66
-65
-65
-68
-69
-66
-66
-67
-67
-67
-68
-67
-67
-66
-66
-67
-67
-68
-67
-68
-66
-67
-63
-66
-67
-67
-66
-66
-66
-66
-66
-65
-66
-67
-67
-67
-67
-67
-68
-67
-67
-67
-67
-67
-67
-66
-67
-67
-68
-68
-67
-68
-68
-68
-67
-67
-67
-67
-68
-68
-67
-68
-69
-68
-68
-68
-67
-67
-65
-64
-64
-66
-65
-64
-65
-63
-63
-64
-64
-64
-66
-65
-64
-65
No3
-50
-50
-50
-49
-50
-50
-50
-49
-50
-52
-52
-52
-51
-50
-51
-51
-51
-51
-51
-51
-50
-51
-51
-50
-50
-51
-56
-51
-50
-51
-51
-51
-51
-51
-51
-51
-51
-51
-52
-51
-51
-51
-50
-52
-51
-52
-52
-52
-50
-51
-51
-51
-51
-51
-51
-51
-52
-51
-51
-51
-52
-52
-51
-51
-51
-50
-51
-51
-51
-51
-51
-51
-51
-53
-51
-51
-50
-50
-50
-50
-51
-49
-49
-50
-50
-50
-49
-50
-50
-50
-53
-49
-48
-49
-49
-50
-49
-50
-50
-49
No2
-54
-55
-53
-53
-53
-53
-55
-53
-57
-53
-54
-57
-55
-56
-56
-53
-54
-54
-54
-58
-55
-54
-54
-55
-55
-54
-55
-54
-54
-54
-53
-54
-54
-54
-54
-55
-55
-55
-54
-55
-54
-54
-53
-55
-53
-53
-54
-55
-53
-53
-54
-54
-53
-54
-53
-54
-54
-54
-55
-54
-54
-54
-53
-54
-53
-54
-52
-54
-54
-54
-54
-54
-53
-52
-52
-53
-54
