Nó 4
-62
-62
-64
-64
-65
-64
-64
-64
-64
-65
-63
-63
-63
-63
-64
-63
-63
-64
-64
-63
-63
-64
-64
-64
-64
-64
-64
-63
-63
-64
-64
-64
-64
-64
-64
-64
-64
-64
-64
-64
-63
-64
-63
-63
-63
-64
-64
-63
-63
-64
-63
-65
-65
-65
-64
-64
-65
-65
-62
-64
-64
-63
-64
-63
-64
-65
-65
-64
-64
-63
-64
-63
-64
-64
-63
-64
-64
-64
-63
-64
-64
-64
-64
-64
-64
-64
-64
-64
-65
-65
-65
-65
-64
-65
-64
-65
-65
-65
-64
-64
No3
-47
-48
-45
-42
-45
-45
-46
-45
-48
-48
-48
-48
-47
-47
-48
-48
-49
-50
-51
-51
-48
-49
-51
-51
-48
-48
-49
-50
-49
-50
-51
-48
-49
-48
-50
-52
-49
-50
-50
-48
-50
-50
-47
-50
-51
-49
-51
-51
-53
-52
-52
-48
-52
-52
-52
-51
-51
-51
-52
-51
-51
-51
-55
-52
-51
-51
-51
-52
-52
-52
-51
-52
-51
-52
-50
-48
-51
-51
-52
-52
-56
-52
-51
-50
-50
-52
-51
-51
-51
-48
-50
-52
-48
-51
-48
-53
-49
-48
-48
-49
No2
-45
-45
-45
-45
-45
-47
-50
-48
-48
-49
-50
-49
-50
-49
-48
-49
-48
-47
-50
-48
-49
-48
-48
-51
-49
-51
-49
-50
-51
-49
-51
-49
-51
-51
-49
-50
-48
-47
-48
-48
-48
-47
-50
-48
-48
-47
-47
-47
-47
-48
-52
-52
-48
-49
-49
-53
-50
-50
-50
-49
-48
-48
-48
-47
-48
-47
-50
-49
-51
-48
-47
-49
-49
-48
-48
-50
-50
-49
-48
-48
-48
-47
-47
