Nó 4
-64
-64
-64
-63
-64
-64
-63
-63
-64
-63
-63
-63
-63
-64
-64
-62
-63
-63
-64
-62
-64
-62
-64
-64
-63
-63
-63
-63
-64
-63
-63
-64
-64
-63
-63
-63
-64
-64
-64
-64
-63
-63
-62
-63
-63
-62
-63
-63
-62
-63
-63
-63
-62
-63
-63
-64
-63
-64
-63
-64
-64
-65
-65
-64
-63
-64
-64
-64
-64
-64
-64
-65
-63
-64
-64
-63
-64
-64
-62
-64
-64
-64
-65
-63
-64
-64
-64
-63
-63
-63
-63
-63
-64
-63
-62
No3
-48
-51
-50
-51
-51
-51
-50
-50
-51
-51
-50
-50
-47
-52
-51
-52
-51
-52
-49
-49
-49
-50
-50
-50
-47
-49
-49
-49
-50
-50
-51
-51
-50
-50
-51
-50
-49
-46
-50
-51
-50
-50
-51
-51
-51
-51
-51
-51
-51
-56
-52
-52
-52
-51
-52
-51
-52
-51
-52
-50
-52
-51
-52
-51
-52
-52
-51
-51
-51
-51
-51
-51
-51
-52
-52
-52
-51
-52
-49
-52
-52
-51
-51
-51
-51
-51
-51
-51
-51
-51
-52
-52
-52
-52
-52
No2
-49
-49
-49
-49
-49
-49
-47
-54
-47
-44
-48
-47
-49
-49
-49
-51
-45
-46
-45
-46
-48
-49
-49
-49
-49
-50
-49
-49
-49
-49
-49
-49
-49
-49
-48
-48
-49
-49
-50
-45
-49
-48
-51
-48
-51
-49
-48
-48
-49
-48
-49
-48
-48
-49
-48
-48
-48
-49
-49
-49
-49
-48
-48
-49
-49
-49
-49
-49
-50
-49
-49
-50
-50
-49
-49
-49
-49
-49
-50
-50
-52
