Nó 4
-69
-70
-69
-68
-68
-68
-68
-68
-69
-67
-67
-69
-67
-67
-68
-68
-68
-67
-68
-68
-70
-71
-71
-67
-71
-70
-71
-69
-70
-70
-69
-69
-68
-69
-68
-68
-69
-69
-69
-69
-68
-69
-69
-69
-69
-68
-69
-69
-68
-69
-69
-69
-68
-68
-68
-68
-69
-69
-69
-68
-68
-69
-68
-66
-67
-68
-67
-66
-67
-67
-67
-67
-67
-67
-67
-67
-67
-67
-67
-67
-67
-68
-67
-67
-68
-67
No3
-52
-53
-54
-47
-51
-51
-51
-51
-50
-51
-51
-51
-51
-51
-51
-50
-52
-50
-51
-50
-48
-51
-51
-51
-51
-52
-54
-54
-54
-55
-53
-52
-54
-54
-52
-52
-52
-52
-52
-51
-53
-53
-52
-51
-46
-49
-51
-53
-51
-52
-52
-52
-52
-52
-53
-51
-52
-51
-52
-51
-51
-52
-52
-51
-51
-51
-51
-50
-51
-51
-51
-51
-50
-52
-51
-52
-51
-46
-51
-51
-51
-51
-52
-51
-52
-52
-52
No2
-53
-52
-50
-49
-50
-50
-53
-53
-53
-54
-54
-54
-53
-53
-53
-53
-54
-51
-50
-52
-50
-50
-50
-51
-50
-51
-52
-50
-50
-51
-51
-50
-50
-50
-50
-50
-51
-50
-50
-51
-51
-50
-50
-50
-50
-50
-51
-50
-50
-50
-50
-50
-50
-50
-52
-51
-50
-51
