Nó 4
-69
-68
-68
-69
-69
-67
-68
-68
-69
-68
-68
-68
-69
-69
-69
-69
-70
-69
-70
-69
-70
-69
-69
-70
-69
-69
-70
-69
-69
-69
-71
-70
-67
-70
-69
-70
-68
-68
-71
-67
-70
-70
-68
-70
-68
-68
-63
-67
-68
-69
-68
-69
-68
-68
-70
-70
-70
-70
-70
-71
-70
-70
-67
-70
-70
-71
-70
-70
-69
-71
-70
-70
-71
-70
-71
-71
-70
-69
-71
-70
-71
-69
-70
-69
-69
-70
-70
No3
-51
-50
-50
-50
-51
-51
-50
-45
-51
-49
-50
-50
-49
-50
-50
-49
-50
-49
-50
-50
-49
-50
-50
-50
-50
-50
-52
-50
-49
-50
-51
-51
-50
-50
-51
-49
-51
-52
-50
-50
-51
-51
-50
-51
-53
-52
-51
-51
-51
-51
-51
-50
-50
-48
-50
-51
-60
-51
-50
-50
-50
-50
-51
-51
-49
-50
-52
-51
-50
-51
-50
-51
-50
-50
-51
-50
-50
-50
-50
-51
-51
-50
-51
-52
-51
-51
-51
No2
-54
-54
-55
-54
-53
-54
-54
-53
-55
-55
-54
-54
-55
-55
-53
-56
-54
-54
-52
-54
-54
-54
-55
-55
-55
-55
-55
-57
-55
-56
-54
-56
-54
-55
-56
-56
-53
-55
-55
-56
-56
-56
-55
-54
-55
-57
-55
-55
-54
-55
-55
-56
-56
-55
-56
-55
-56
-56
-55
-56
-56
-55
-55
-54
-55
-54
-55
-55
-55
-57
-55
-55
-54
-55
-54
-60
-53
