Nó 4
-64
-63
-64
-63
-65
-62
-63
-63
-63
-63
-62
-63
-63
-63
-63
-63
-62
-62
-63
-62
-62
-62
-63
-62
-63
-64
-63
-64
-63
-63
-64
-62
-62
-62
-63
-63
-63
-63
-63
-63
-62
-62
-62
-62
-62
-62
-63
-63
-62
-62
-62
-60
-62
-62
-64
-63
-64
-64
-64
-63
-64
-64
-64
-65
-63
-64
-64
-64
-64
-64
-64
-64
-63
-64
-64
-65
-64
-65
-65
-64
-64
-64
-64
-63
-63
-63
No3
-43
-49
-49
-49
-50
-49
-49
-45
-44
-48
-42
-46
-48
-42
-47
-44
-53
-47
-45
-45
-45
-44
-45
-45
-45
-45
-45
-44
-48
-45
-47
-45
-44
-47
-47
-48
-43
-45
-45
-47
-42
-45
-48
-45
-44
-45
-44
-44
-45
-48
-45
-47
-43
-44
-44
-47
-47
-47
-45
-44
-48
-46
-44
-47
-44
-44
-45
-47
-48
-45
-45
-47
-45
-44
-44
-43
-44
-45
-45
-46
-44
-45
-47
-44
-46
-45
-44
-44
-46
-43
-45
-45
-45
-44
-42
-45
-43
-43
-44
No2
-48
-46
-50
-47
-46
-47
-46
-45
-51
-45
-47
-46
-47
-49
-45
-46
-46
-45
-49
-46
-46
-47
-46
-46
-45
-45
-48
-46
-46
-47
-48
-46
-46
-46
-46
-47
-46
-45
-45
-46
-48
-45
-47
-45
-46
-46
-45
-45
-45
-46
-51
-46
-46
