Nó 4
-71
-72
-71
-69
-68
-68
-67
-70
-68
-69
-72
-72
-71
-73
-74
-71
-71
-70
-72
-72
-71
-71
-71
-71
-72
-72
-71
-71
-70
-71
-71
-72
-72
-71
-72
-73
-71
-72
-69
-68
-72
-70
-70
-72
-71
-71
-71
-71
-71
-71
-71
-70
-71
-71
-71
-70
-71
-69
-70
-71
-70
-70
-70
-70
-70
-69
-71
-69
-69
-70
-68
-70
-69
-70
-70
-69
-71
-70
-70
-71
-72
-70
-71
-71
-70
-69
-70
-71
-70
-71
-71
-71
-69
-71
-71
-71
-71
-70
-72
-71
No3
-57
-58
-57
-57
-58
-59
-60
-59
-59
-59
-59
-60
-58
-59
-60
-59
-58
-60
-60
-56
-60
-62
-58
-60
-60
-59
-60
-59
-60
-60
-59
-59
-59
-58
-60
-59
-57
-60
-60
-59
-58
-59
-59
-59
-61
-61
-61
-62
-61
-62
-62
-62
-60
-61
-62
-62
-62
-61
-61
-61
-62
-62
-61
-62
-62
-62
-56
-60
-60
-61
-60
-60
-60
-58
-58
-59
-58
-57
-62
-60
-59
-58
-58
-59
-59
-59
-59
-58
-59
-58
-57
-56
-59
-52
-55
-61
-60
-60
-60
-58
No2
-59
-58
-62
-63
-60
-60
-60
-59
-62
-61
-60
-59
-60
-60
-61
-60
-60
-61
-60
-60
-60
-60
-60
-62
-63
-60
-59
-58
-58
-59
-58
-59
-59
-60
-61
-59
-59
-60
-60
-58
-56
-59
-60
-58
-58
-60
-60
-61
-59
-59
-60
-59
-58
-58
-57
-58
-63
-58
-59
-58
-59
-56
-56
-60
-60
-60
-60
-59
-57
-60
-60
-61
-61
-60
-60
-60
-60
-59
-60
-60
-60
-58
-60
-60
-61
