Nó 4
-66
-65
-65
-65
-65
-64
-65
-64
-64
-65
-64
-65
-64
-63
-63
-63
-63
-63
-63
-64
-63
-63
-63
-63
-64
-64
-64
-65
-64
-65
-64
-65
-64
-64
-64
-64
-67
-66
-67
-66
-66
-66
-66
-66
-63
-68
-65
-66
-66
-66
-65
-66
-66
-62
-65
-66
-66
-66
-66
-66
-66
-65
-66
-65
-67
-65
-67
-69
-68
No3
-54
-53
-54
-53
-54
-53
-53
-54
-54
-52
-52
-52
-52
-51
-53
-55
-51
-51
-52
-52
-52
-51
-54
-51
-52
-51
-53
-53
-53
-53
-55
-53
-53
-53
-54
-53
-52
-54
-54
-52
-52
-53
-54
-54
-52
-53
-53
-53
-53
-53
-53
-53
-54
-53
-53
-53
-55
-53
-54
-53
-53
-53
-54
-53
-53
-53
-52
-53
-53
-53
-52
-53
-53
-52
-54
-53
-55
No2
-49
-48
-51
-48
-48
-50
-49
-43
-49
-48
-49
-49
-48
-49
-47
-48
-48
-48
-49
-50
-49
-49
-49
-48
-49
-49
-54
-49
-49
-48
-48
-51
-50
-50
-49
-49
-50
-49
-48
-50
-49
-49
-51
-49
-50
-50
-51
-50
-49
-49
-49
-50
-50
-52
-52
-53
