Nó 4
-65
-64
-65
-64
-65
-65
-62
-65
-65
-64
-64
-64
-64
-63
-63
-64
-63
-63
-64
-64
-64
-64
-63
-64
-63
-64
-63
-64
-63
-64
-64
-64
-64
-63
-63
-64
-63
-64
-64
-63
-64
-63
-64
-63
-63
-64
-65
-64
-62
-62
-65
-64
-65
-65
-64
-65
-65
-65
-64
-64
-65
-64
-64
-64
-64
-64
-63
-63
-63
-64
-63
-64
-65
-64
-65
-64
-63
-64
-64
-63
-63
-64
-63
-64
-64
-63
-64
-64
-64
-63
-63
-64
-63
-64
-63
-63
No3
-54
-53
-54
-53
-54
-54
-53
-52
-52
-53
-55
-51
-54
-54
-53
-53
-53
-53
-54
-53
-53
-53
-53
-53
-53
-53
-53
-54
-53
-54
-54
-52
-53
-52
-53
-51
-55
-54
-56
-54
-54
-54
-54
-55
-55
-54
-53
-53
-54
-54
-53
-55
-54
-56
-54
-53
-53
-53
-54
-53
-54
-54
-54
-56
-55
-56
-53
-55
-54
-53
-53
-54
-54
-55
-54
-55
-53
-53
-53
-53
-55
No2
-50
-50
-50
-49
-49
-49
-50
-50
-50
-50
-49
-51
-48
-49
-49
-50
-48
-48
-48
-47
-48
-50
-49
-49
-49
-49
-48
-48
-48
-49
-48
-50
-50
-48
-48
-48
-48
-48
-49
-49
-49
-49
-49
-48
-48
-48
-48
-48
-49
-48
-49
-46
-48
-49
-49
-49
-49
-48
-49
-49
-49
-49
-46
