Nó 4
-62
-62
-64
-62
-64
-63
-63
-63
-62
-63
-63
-64
-65
-64
-68
-67
-63
-64
-63
-64
-63
-65
-63
-64
-63
-64
-63
-64
-63
-64
-64
-64
-63
-64
-64
-64
-64
-64
-64
-64
-64
-64
-64
-63
-64
-63
-64
-64
-64
-64
-65
-65
-64
-62
-64
-63
-63
-62
-63
-63
-63
-62
-63
-62
-64
-62
-63
-62
-62
-62
-63
-63
-63
No3
-54
-55
-55
-55
-55
-54
-54
-55
-56
-57
-56
-55
-55
-55
-56
-55
-55
-55
-55
-55
-55
-55
-54
-56
-54
-56
-56
-55
-56
-55
-55
-56
-55
-56
-56
-55
-56
-58
-55
-56
-55
-57
-56
-56
-55
-55
-55
-56
-55
-55
-54
-56
-55
-55
-56
-56
-55
-55
-55
-55
-55
-57
-56
-56
-56
-55
-55
-56
-55
-55
-56
-56
-55
-54
-55
-55
-54
-54
-54
-54
-56
-55
-57
No2
-49
-49
-50
-50
-50
-50
-51
-56
-50
-50
-50
-50
-50
-50
-49
-51
-50
-51
-51
-50
-50
-50
-49
-51
-50
-49
-51
-51
-54
-51
-50
-50
-50
-51
-50
-50
-51
-50
-50
-49
-49
-49
-49
-48
-49
-50
-49
-55
-50
-48
-53
-50
-48
-48
-49
