Nó 4
-69
-72
-69
-70
-71
-71
-68
-72
-69
-65
-72
-72
-72
-71
-72
-70
-71
-71
-70
-71
-70
-71
-69
-69
-72
-66
-68
-67
-68
-68
-68
-68
-68
-65
-69
-69
-69
-68
-69
-70
-68
-70
-70
-68
-67
-69
-68
-68
-69
No3
-53
-55
-55
-54
-53
-54
-55
-54
-54
-50
-54
-55
-53
-61
-55
-56
-56
-56
-56
-55
-57
-56
-55
-56
-56
-56
-56
-59
-56
-56
-56
-55
-56
-56
-54
-56
-56
-55
-57
-54
-54
-54
-55
-55
-55
-51
-54
-56
-54
-55
-55
-55
-54
-54
-54
-55
-55
-54
-55
-55
-49
-59
-55
-55
-55
-54
-55
-55
-55
-55
-56
-58
-57
-56
-58
-55
-57
-59
No2
-54
-52
-54
-56
-56
-58
-57
-55
-55
-54
-54
-53
-55
-54
-55
-57
-56
-55
-59
-55
-56
-56
-55
-56
-56
-58
-58
-58
-57
-59
-61
-59
-56
-55
-53
-54
-53
-53
-54
-55
-54
-54
-54
-54
-55
-54
-54
-54
-54
-55
-55
-54
-57
-56
-55
-57
-56
-58
-57
