Nó 4
-64
-65
-65
-66
-65
-67
-64
-66
-65
-66
-64
-65
-65
-65
-64
-66
-67
-66
-63
-64
-65
-63
-63
-66
-65
-63
-64
-64
-64
-64
-65
-66
-63
-66
-65
-64
-64
-65
-64
-65
-63
-65
-65
-65
-64
-65
-64
-63
-65
-64
-65
-64
-65
-64
-64
-65
-66
-65
-65
-65
-64
-64
-64
-63
-63
-63
-64
-65
-65
-64
-64
-63
-63
-62
-63
No3
-55
-54
-56
-56
-55
-54
-54
-55
-56
-54
-54
-56
-55
-54
-53
-57
-54
-53
-54
-53
-54
-55
-53
-55
-56
-55
-54
-54
-54
-54
-54
-55
-54
-56
-55
-54
-56
-55
-56
-55
-56
-54
-55
-54
-55
-54
-54
-54
-55
-54
-55
-56
-55
-55
-56
-56
-55
-55
-56
-56
-56
-55
-55
-56
-55
-55
-55
-54
-56
No2
-47
-50
-49
-50
-49
-49
-50
-50
-49
-50
-50
-49
-50
-50
-49
-50
-54
-48
-54
-49
-50
-47
-50
-49
-50
-50
-49
-50
-50
-52
-52
-49
-50
-50
-50
-49
-51
-50
-50
-50
-50
-50
-49
-50
-50
-51
-50
-50
-50
-51
-50
-50
-50
-50
-50
-50
-50
-49
-49
-50
