Nó 4
-60
-61
-60
-60
-61
-60
-60
-60
-60
-59
-59
-60
-60
-60
-60
-58
-59
-61
-59
-61
-61
-60
-59
-60
-60
-60
-62
-61
-60
-61
-61
-61
-62
-62
-61
-61
-62
-61
-60
-61
-61
-61
-62
-63
-61
-61
-61
-60
-61
-61
-60
-60
-59
-60
-60
-60
-61
-60
-61
-59
-61
-60
-60
-61
-60
-60
-61
-63
-60
-61
-61
-61
-60
-61
-60
-61
-59
-61
No3
-53
-52
-54
-53
-53
-51
-54
-52
-52
-52
-52
-53
-54
-52
-52
-52
-51
-51
-52
-51
-53
-52
-52
-52
-54
-52
-54
-53
-54
-53
-54
-53
-53
-54
-54
-53
-54
-52
-53
-52
-53
-53
-55
-53
-53
-53
-53
-53
-54
-53
-54
-53
-53
-53
-54
-57
-54
-53
-51
-51
-53
-51
-53
-52
-52
-52
-52
-53
-53
-52
-52
-52
-54
-52
-52
-54
-52
-51
-52
-52
-52
-52
-54
-51
-53
-53
-52
-52
-54
-53
-53
-53
-53
No2
-45
-45
-44
-47
-44
-45
-46
-44
-46
-48
-48
-44
-47
-48
-48
-44
-47
-45
-48
-48
-47
-44
-47
-48
-48
-44
-48
-47
-48
-45
-47
-48
-49
-48
-45
-48
-48
-48
-48
-48
-47
-48
-47
-46
-46
-46
-48
-48
-48
-48
-45
-48
-48
-48
-48
-48
-48
-45
-47
-47
-48
