Nó 4
-59
-59
-59
-58
-56
-57
-57
-57
-60
-59
-60
-61
-57
-59
-60
-58
-58
-59
-59
-59
-59
-57
-59
-58
-59
-59
-59
-59
-58
-59
-59
-59
-57
-59
-59
-57
-56
-57
-57
-56
-57
-56
-56
-57
-57
-57
-57
-57
-55
-57
-58
-59
-57
-57
-55
-56
-57
-57
-57
-57
-56
-57
-58
-58
-57
-57
-57
-56
-56
-56
-57
-57
-56
-56
-57
-56
-57
-58
-58
-59
-59
-58
-56
-55
-56
-56
-56
-55
-55
-56
-55
-55
-60
-58
-59
-58
-59
-60
-57
-57
No3
-58
-55
-54
-60
-60
-61
-62
-63
-64
-64
-64
-64
-57
-58
-60
-60
-59
-61
-60
-63
-62
-60
-61
-62
-68
-60
-61
-59
-57
-59
-57
-58
-58
-60
-58
-61
-61
-66
-58
-65
-61
-61
-56
-56
-55
-55
-56
-55
-55
-55
-54
-54
-60
-57
-58
-57
-59
-60
-63
-62
-60
-61
-60
-59
-58
-61
-62
-64
-64
-58
-61
-56
-54
-56
-56
-52
-57
-57
-56
-57
No2
-40
-41
-42
-41
-41
-41
-44
-44
-43
-45
-42
-43
-40
-40
-40
-40
-40
-40
-46
-41
-41
-39
-40
-40
-41
-41
-41
-41
-40
-41
-40
-46
-41
-43
-39
-40
-40
-44
-40
-40
-40
-39
-39
-39
-40
-39
-39
-39
-38
-39
-38
-39
-39
-39
-39
-39
-39
-41
-39
-39
-49
-39
-39
-39
-40
-38
-40
-40
-42
-38
-42
-42
-40
-41
-40
-40
-39
-38
-40
-38
-41
-41
-41
-40
-41
-39
-50
-38
-40
-39
-40
-38
-38
-37
-38
-41
-39
