Nó 4
-58
-54
-55
-55
-54
-55
-54
-54
-56
-57
-53
-56
-56
-56
-56
-53
-52
-52
-54
-56
-54
-57
-56
-56
-57
-55
-56
-55
-56
-57
-55
-57
-55
-56
-55
-57
-57
-58
-58
-58
-57
-57
-59
-57
-56
-58
-58
-58
-58
-58
-58
-59
-57
-59
-58
-58
-57
-59
-58
-59
-56
-58
-57
-58
-58
-58
-57
-57
-58
-57
-58
-58
-58
-57
-57
-57
-56
-57
-57
-56
-54
-58
-59
-59
-59
-58
-58
-58
-57
-57
-57
-57
-58
-55
-56
-55
-57
-54
-55
-56
No3
-42
-40
-41
-41
-43
-43
-43
-42
-42
-42
-43
-43
-43
-43
-42
-43
-43
-45
-42
-44
-44
-45
-43
-43
-40
-42
-43
-42
-43
-45
-46
-48
-42
-44
-45
-44
-45
-44
-44
-44
-45
-44
-45
-44
-45
-44
-42
-44
-45
-45
-46
-44
-44
-44
-45
-44
-43
-46
-44
-45
-43
-44
-44
-44
-41
-44
-44
-44
-44
-44
-42
-43
-45
-41
-44
-44
-42
-45
-44
-45
-44
-44
-45
-44
-41
-40
-43
-44
-45
-44
-45
-44
-44
-43
-43
-43
-44
-55
-44
-43
No2
-43
-46
-44
-43
-43
-43
-44
-44
-45
-42
-42
-42
-45
-44
-46
-45
-46
-46
-45
-45
-45
-45
-45
-45
-43
-46
-44
-45
-47
-46
-45
-45
-44
-45
-43
-44
-44
-45
-45
-45
-44
-42
-45
-44
-44
-44
-44
-44
-42
-43
-46
-46
-46
-44
-44
-45
-46
-46
-46
-44
-45
-45
-45
-42
-42
-44
-43
-44
-45
-46
-46
-50
-46
