Nó 4
-60
-59
-61
-61
-57
-58
-58
-58
-58
-58
-59
-59
-60
-59
-59
-59
-58
-58
-58
-59
-58
-58
-58
-59
-57
-58
-59
-60
-58
-60
-59
-58
-59
-59
-59
-60
-59
-59
-58
-59
-59
-59
-58
-58
-59
-60
-61
-58
-58
-58
-57
-58
-56
-59
-58
-59
-58
-59
-59
-59
-59
-60
-60
-60
-61
-62
-62
-63
-61
-61
-62
-61
-62
-62
-64
-61
-62
-62
-60
-61
-59
-58
-56
-60
-59
-59
-59
-59
-59
-59
-60
-62
-59
-60
-60
-60
-61
-60
-60
-61
No3
-40
-39
-39
-40
-40
-37
-37
-37
-36
-37
-36
-37
-34
-37
-37
-37
-38
-38
-37
-37
-37
-37
-37
-37
-35
-36
-37
-37
-37
-36
-37
-37
-37
-36
-37
-36
-36
-36
-36
-38
-37
-37
-38
-36
-37
-37
-38
-36
-36
-38
-37
-37
-37
-38
-37
-38
-39
-37
-33
-38
-38
-39
-40
-39
-38
-38
-37
-40
-40
-40
-38
-38
-38
-38
-38
-39
-38
-38
-38
-37
-38
-37
-38
-37
-39
-38
-39
-39
-39
-39
-38
-38
-37
-38
-41
-40
-39
-42
-41
-38
No2
-38
-34
-35
-35
-33
-34
-35
-35
-34
-36
-36
-36
-32
-35
-38
-34
-36
-33
-36
-35
-37
-36
-36
-36
-36
-36
-37
-34
-35
-36
-35
-36
-35
-36
-37
-38
-37
-36
-37
-37
-36
-35
-35
-32
-34
-34
-34
-36
-33
-35
-35
-36
-36
-35
-33
-37
-37
-39
-36
-37
-37
-36
-36
-36
-36
-38
-38
-39
-37
-36
-37
-36
-34
-37
-35
-34
-32
-35
-36
-36
-36
-35
-34
-35
-36
-36
-38
-36
-35
-36
-35
-36
-53
-35
-37
-35
-35
-35
-35
-34
