Nó 4
-56
-56
-54
-55
-56
-56
-56
-56
-59
-59
-53
-54
-57
-57
-56
-57
-57
-57
-57
-57
-59
-56
-56
-56
-56
-56
-58
-57
-57
-56
-56
-56
-56
-57
-57
-56
-57
-57
-56
-56
-56
-56
-56
-56
-56
-54
-56
-55
-55
-55
-54
-56
-56
-55
-54
-58
-57
-58
-55
-55
-56
-56
-55
-55
-55
-53
-55
-54
-54
-57
-55
-55
-54
-55
-55
-55
-54
-55
-54
-59
-58
-57
-59
-58
-57
-59
-59
-58
-58
-57
-58
-59
-58
-58
-58
-57
-57
-56
-56
-56
No3
-43
-41
-41
-43
-41
-41
-41
-41
-41
-41
-42
-42
-42
-42
-44
-44
-44
-40
-41
-44
-44
-43
-43
-43
-43
-42
-42
-43
-41
-43
-40
-41
-44
-43
-41
-40
-43
-43
-45
-40
-42
-41
-41
-40
-41
-41
-42
-42
-57
-44
-43
-43
-42
-44
-43
-42
-41
-40
-37
-37
-41
-41
-40
-36
-40
-40
-41
-41
-40
-41
-41
-40
-41
-42
-41
-42
-42
-41
-41
-41
-41
-38
-40
-40
-41
-43
-44
-43
-43
-44
-43
-41
-41
-44
-43
-42
-41
-43
-41
-44
No2
-42
-42
-41
-41
-43
-44
-40
-43
-43
-43
-43
-42
-44
-43
-42
-43
-42
-43
-43
-42
-43
-43
-43
-43
-42
-43
-42
-40
-44
-43
-43
-40
-43
-44
-44
-43
-45
-43
-40
-41
-41
-41
-41
-40
-41
-41
-41
-41
-41
-41
-41
-41
-41
-40
-41
-43
-43
-42
-44
-44
-43
-42
-43
-43
-43
-43
-43
-42
-42
-42
-44
-43
-44
-42
-43
-40
-42
-40
-41
-41
-43
-41
-41
-38
-41
-47
-40
-40
-43
-44
-42
-43
-42
-42
-42
-42
-42
-42
-47
-43
