Nó 4
-57
-58
-61
-62
-61
-61
-60
-63
-63
-63
-62
-62
-60
-58
-59
-58
-59
-63
-60
-62
-61
-58
-62
-61
-61
-61
-63
-61
-58
-60
-61
-61
-60
-60
-59
-59
-59
-59
-60
-61
-61
-64
-61
-59
-59
-57
-56
-56
-56
-57
-56
-58
-59
-58
-57
-59
-59
-59
-59
-56
-56
-58
-57
-57
-57
-60
-62
-59
-59
-60
-61
-60
-59
-59
-56
-58
-60
-61
-58
-60
-60
-61
-60
-61
-59
-61
-60
-61
-60
-61
-60
-61
-60
-61
-61
-61
-61
-61
-60
-61
No3
-42
-42
-41
-42
-41
-41
-48
-39
-37
-41
-41
-41
-42
-41
-40
-40
-43
-41
-41
-42
-41
-41
-46
-42
-41
-43
-41
-40
-40
-40
-39
-39
-41
-41
-40
-38
-39
-39
-40
-42
-41
-41
-40
-40
-41
-42
-41
-41
-41
-40
-41
-41
-40
-42
-40
-41
-42
-42
-39
-40
-40
-39
-39
-39
-41
-41
-40
-41
-40
-41
-41
-42
-42
-41
-41
-41
-41
-41
-40
-41
-50
-41
-41
-41
-41
-36
-40
-40
-41
-42
-41
-40
-40
-41
-40
-41
-42
-40
-39
-40
No2
-38
-38
-37
-40
-40
-36
-34
-33
-38
-36
-35
-38
-36
-36
-38
-36
-38
-39
-38
-37
-36
-38
-38
-36
-37
-40
-34
-35
-37
-37
-37
-37
-34
-35
-35
-35
-36
-36
-34
-35
-36
-36
-36
-36
-38
-37
-37
-37
-38
-36
-38
-36
-36
-37
-37
-37
-38
-38
-37
-37
-36
-37
-37
-35
-37
-38
-39
-38
-37
-35
-35
-36
-37
-37
-37
-34
-38
-38
-38
-35
