Nó 4
-55
-55
-55
-57
-57
-57
-57
-59
-59
-60
-58
-59
-60
-59
-61
-59
-58
-58
-59
-59
-58
-58
-59
-61
-58
-58
-58
-59
-58
-60
-58
-59
-57
-58
-55
-58
-59
-58
-57
-59
-60
-60
-61
-60
-59
-58
-60
-58
-58
-59
-59
-58
-60
-58
-58
-58
-57
-58
-60
-61
-59
-59
-59
-59
-57
-57
-57
-61
-60
-60
-60
-59
-60
-60
-57
-57
-57
-58
-57
-58
-58
-58
-60
-60
-58
-58
-59
-58
-58
-59
-58
-60
-58
-60
-60
-60
-61
-61
-61
-59
No3
-40
-40
-39
-42
-42
-42
-41
-41
-41
-41
-42
-42
-42
-42
-41
-42
-41
-42
-42
-44
-42
-44
-44
-43
-44
-43
-42
-43
-42
-42
-42
-43
-41
-43
-41
-42
-41
-41
-41
-41
-41
-43
-44
-43
-42
-42
-43
-44
-44
-42
-42
-42
-42
-42
-40
-41
-41
-41
-40
-41
-41
-41
-53
-41
-41
-41
-41
-40
-40
-39
-40
-41
-40
-39
-40
-42
-42
-43
-43
-40
-43
-43
-43
-42
-41
-40
-42
-41
-43
-44
-43
-44
-44
-44
-43
-41
-45
-43
-40
-40
No2
-38
-38
-35
-37
-41
-35
-39
-39
-39
-40
-38
-38
-39
-38
-39
-39
-38
-38
-37
-41
-39
-40
-40
-39
-38
-37
-37
-38
-37
-38
-38
-39
-39
-40
-38
-40
-38
-40
-38
-38
-39
-38
-40
-38
-38
-38
-38
-37
-37
-37
-38
-38
-38
-38
-38
-41
-37
-38
-39
-38
-37
-37
-36
-38
-38
-36
-40
-38
-39
-40
-39
-38
-40
-39
-42
-39
-40
-41
-37
-38
-38
-41
-40
-41
-37
-38
-38
-37
-38
-38
-38
-39
-46
-38
-38
-38
-38
-37
-38
-38
