Nó 4
-59
-56
-58
-58
-57
-57
-58
-57
-58
-57
-57
-57
-56
-59
-57
-56
-57
-57
-55
-57
-57
-58
-57
-57
-56
-57
-58
-58
-58
-58
-56
-58
-58
-57
-58
-58
-58
-58
-57
-58
-58
-57
-61
-59
-58
-58
-57
-58
-58
-58
-58
-58
-58
-59
-57
-57
-56
-56
-56
-57
-56
-58
-59
-57
-56
-57
-55
-57
-61
-56
-61
-60
-59
-59
-59
-60
-60
-59
-60
-60
-60
-60
-59
-59
-62
-59
No3
-41
-41
-41
-42
-42
-42
-42
-42
-43
-42
-42
-41
-41
-42
-41
-42
-39
-43
-42
-43
-42
-42
-42
-42
-43
-43
-42
-42
-41
-42
-41
-42
-42
-42
-40
-40
-42
-42
-43
-42
-42
-42
-44
-44
-42
-43
-43
-43
-43
-43
-42
-43
-42
-43
-42
-43
-41
-44
-41
-43
-42
-42
-41
-41
-42
-42
-41
-41
-42
-37
-41
-41
-42
-42
-41
-43
-42
-40
-39
-39
-44
-45
-40
-39
-41
-45
-39
-43
-42
-42
-42
-43
-43
-42
-42
-42
-43
-43
-44
-43
No2
-40
-40
-40
-37
-40
-40
-40
-40
-40
-40
-39
-40
-41
-39
-40
-39
-40
-38
-40
-40
-41
-39
-37
-42
-43
-40
-40
-41
-43
-42
-42
-41
-41
-42
-41
-42
-41
-42
-41
-42
-39
-40
-39
-40
-40
-39
-39
-39
-40
-40
-39
-39
-38
-38
-42
-41
-41
-40
-40
-40
-41
-41
-41
-42
-42
