Nó 4
-72
-72
-67
-64
-64
-67
-66
-67
-67
-65
-65
-66
-69
-70
-67
-62
-68
-67
-62
-67
-66
-66
-67
-67
-68
-68
-70
-67
-68
-71
-65
-65
-66
-67
-66
-66
-66
-67
-67
-67
-67
-66
-66
-67
-65
-66
-66
-65
-66
-67
-65
-65
-65
-65
-66
-66
-67
-67
-67
-67
-66
-66
-65
-64
-64
-64
-58
-65
-63
-64
-63
-66
-66
-66
-66
-65
-65
-63
-67
-67
-69
-67
-67
-68
-67
-69
-65
-63
-66
-66
-66
-69
-68
-64
-64
-65
-67
-64
-63
-66
No3
-52
-52
-51
-52
-52
-48
-49
-51
-51
-52
-51
-50
-54
-52
-51
-48
-49
-52
-53
-51
-51
-51
-57
-51
-52
-52
-52
-53
-52
-51
-51
-55
-51
-51
-51
-51
-52
-49
-51
-52
-56
-51
-53
-54
-53
-52
-52
-51
-52
-51
-51
-51
-53
-53
-54
-50
-52
-50
-51
-50
-54
-54
-55
-54
-51
-52
-50
-55
-52
-51
-51
-51
-51
-52
-50
-51
-50
-51
-50
-51
-48
-51
-52
-50
-50
-52
-51
-52
-47
-53
-45
-52
-52
-51
-53
-52
-51
-51
-49
-47
No2
-51
-47
-51
-50
-50
-49
-45
-46
-48
-55
-49
-48
-50
-50
-47
-53
-49
-48
-50
-48
-49
-51
-52
-48
-49
-50
-49
-49
-47
-50
-47
-49
-50
-52
-50
-53
-50
-51
-50
-49
-49
-49
-49
-51
-52
-48
-47
-46
-45
-48
-48
-48
-48
-48
-48
-50
-52
-49
-47
-48
-45
-44
-45
-44
-46
-47
-49
-48
-46
-46
-47
-48
-44
-46
-45
-46
-45
-47
-49
-50
-48
-47
-47
-47
-47
-44
-42
-47
