Nó 4
-64
-58
-62
-63
-63
-65
-63
-65
-64
-64
-64
-63
-64
-63
-62
-64
-63
-62
-62
-60
-60
-64
-64
-63
-63
-62
-63
-64
-66
-62
-63
-62
-62
-62
-63
-62
-62
-63
-64
-61
-61
-62
-62
-64
-63
-63
-63
-65
-64
-66
-60
-61
-62
-62
-61
-62
-62
-63
-62
-62
-62
-62
-61
-62
-65
-63
-64
-64
-68
-63
-63
-63
-62
-64
-62
-61
-62
-62
-63
-62
-64
-65
-65
-66
-62
-62
-64
-63
-62
-64
-62
-64
-62
-63
-67
-65
-65
-67
-65
-66
No3
-62
-62
-62
-62
-59
-59
-60
-59
-62
-60
-62
-58
-64
-63
-62
-60
-59
-61
-60
-59
-61
-56
-58
-61
-60
-58
-61
-60
-61
-62
-62
-61
-61
-62
-62
-62
-58
-60
-62
-60
-61
-61
-61
-60
-62
-58
-61
-59
-58
-58
-59
-59
-58
-62
-61
-59
-59
-61
-59
-63
-61
-55
-59
-61
-60
-60
-60
-59
-60
-59
-61
-58
-60
-60
-60
-59
-59
-62
-60
-60
-59
-58
-59
-60
-58
-60
-60
-61
-64
-60
-60
-59
-57
-55
-60
-60
-59
-59
-59
-58
No2
-57
-56
-58
-57
-59
-55
-59
-61
-59
-58
-57
-57
-59
-53
-56
-55
-59
-59
-58
-57
-55
-55
-56
-57
-60
-59
-58
-57
-57
-56
-57
-53
-55
-55
-59
-56
-56
-57
-56
-55
-57
-57
-56
-55
-55
-59
-60
-59
-59
-58
-60
-60
-55
-58
-55
-58
-58
-55
-58
-58
-52
-59
-57
-58
-56
-56
-56
-56
-55
-55
-55
-54
-53
-57
-56
-59
-57
-59
-57
-57
-55
-55
-57
-56
-56
-56
-58
-59
-59
-58
-57
-55
-54
-55
-55
-56
-55
-50
-53
-73
