Nó 4
-62
-65
-65
-66
-69
-69
-70
-68
-69
-68
-68
-69
-68
-68
-67
-67
-69
-69
-68
-67
-70
-68
-69
-68
-67
-67
-67
-68
-68
-67
-69
-67
-68
-68
-69
-65
-67
-67
-65
-65
-64
-74
-64
-64
-65
-65
-62
-65
-64
-63
-63
-65
-64
-64
-65
-65
-66
-63
-63
-64
-64
-62
-62
-65
-64
-65
-62
-63
-63
-62
-63
-63
-63
-61
-62
-63
-62
-61
-62
-62
-66
-63
-63
-63
-62
-65
-65
-65
-66
-63
-64
-63
-63
-63
-60
-60
-61
-60
-62
-64
No3
-52
-52
-52
-54
-53
-54
-56
-54
-54
-55
-55
-55
-55
-54
-54
-56
-55
-55
-55
-53
-52
-53
-54
-52
-55
-54
-54
-54
-54
-54
-54
-53
-54
-54
-57
-53
-52
-53
-53
-52
-52
-53
-53
-53
-53
-53
-56
-54
-54
-53
-53
-54
-52
-52
-52
-54
-54
-54
-52
-52
-54
-53
-54
-52
-54
-55
-55
-50
-52
-51
-49
-50
-51
-50
-50
-52
-54
-54
-53
-53
-53
-52
-51
-51
-51
-52
-51
-54
-53
-54
-51
-52
-50
-51
-50
-51
-53
-54
-51
-50
No2
-50
-49
-47
-50
-52
-51
-51
-50
-46
-47
-51
-50
-49
-50
-49
-49
-51
-53
-51
-52
-55
-51
-49
-52
-51
-54
-53
-52
-51
-49
-50
-53
-54
-50
-50
-52
-50
-52
-50
-51
-50
-52
-49
-55
-51
-50
-51
-50
-49
-48
-48
-47
-49
-51
-49
-50
-50
-49
-49
-49
-53
-53
-54
-49
-52
-50
-51
-54
-51
-54
-52
-50
-52
-51
-52
-52
-51
-48
-48
-48
-48
-51
-50
-49
-48
-49
-51
-49
-49
