Nó 4
-59
-62
-63
-62
-61
-62
-61
-62
-62
-62
-62
-60
-62
-58
-62
-59
-58
-63
-64
-62
-61
-60
-62
-60
-60
-61
-61
-62
-61
-61
-61
-60
-61
-64
-60
-60
-59
-60
-59
-60
-62
-60
-59
-60
-62
-59
-59
-61
-59
-60
-61
-59
-61
-60
-61
-60
-60
-60
-61
-63
-62
-63
-60
-61
-62
-61
-61
-63
-63
-61
-62
-60
-60
-60
-59
-59
-62
-61
-61
-61
-62
-61
-62
-62
-61
-61
-61
-61
-63
-61
-62
-62
-59
-60
-59
-59
-59
-62
-63
-62
No3
-54
-56
-55
-57
-58
-58
-58
-58
-57
-54
-56
-58
-56
-55
-55
-54
-54
-56
-57
-53
-54
-54
-54
-54
-55
-56
-55
-56
-55
-53
-58
-55
-57
-56
-54
-54
-54
-54
-57
-57
-59
-55
-55
-53
-54
-55
-55
-56
-54
-52
-53
-51
-55
-53
-54
-55
-54
-56
-55
-55
-55
-52
-53
-52
-51
-51
-50
-51
-51
-52
-52
-53
-55
-54
-56
-55
-52
-52
-53
-53
-53
-51
-51
-53
-52
-52
-51
-52
-53
-52
-51
-52
-53
-54
-52
-53
-51
-52
-53
-53
No2
-49
-52
-50
-48
-50
-50
-52
-52
-52
-53
-52
-51
-51
-51
-52
-52
-50
-51
-52
-48
-52
-51
-51
-52
-50
-52
-50
-52
-51
-50
-50
-51
-50
-48
-48
-50
-50
-53
-53
-51
-49
-49
-50
-44
-48
-48
-49
-49
-52
-49
-48
-49
-49
-50
-49
-50
-49
-50
-49
-50
-50
-50
-49
-50
-51
-50
-51
-51
-51
-50
-49
-51
-52
-50
-50
-49
-51
-50
-50
-49
-50
-50
-51
-49
-50
-51
-51
-50
-52
-50
-51
-48
-51
-50
-50
-50
-48
-50
-51
-48
