Nó 4
-66
-64
-67
-65
-64
-64
-64
-66
-65
-65
-63
-64
-65
-64
-64
-63
-61
-65
-65
-64
-64
-64
-64
-64
-64
-64
-64
-66
-66
-67
-67
-69
-67
-67
-68
-68
-67
-66
-67
-66
-67
-66
-67
-68
-68
-67
-75
-68
-68
-67
-66
-65
-66
-65
-65
-66
-65
-66
-66
-65
-66
-64
-65
-64
-65
-64
-62
-63
-65
-63
-64
-64
-63
-63
-66
-66
-62
-63
-64
-62
-63
-62
-63
-63
-62
-62
-63
-64
-64
-65
-66
-66
-67
-67
-66
-66
-65
-65
-67
-62
No3
-59
-58
-59
-53
-56
-56
-54
-53
-54
-53
-53
-51
-51
-53
-53
-53
-53
-54
-55
-54
-54
-51
-55
-57
-54
-54
-53
-54
-59
-62
-52
-55
-57
-58
-57
-56
-56
-57
-57
-60
-60
-58
-58
-60
-58
-60
-59
-57
-59
-57
-60
-59
-58
-59
-59
-58
-60
-60
-59
-60
-59
-54
-60
-59
-59
-59
-57
-58
-59
-58
-56
-57
-56
-60
-58
-58
-58
-56
-54
-55
-55
-55
-61
-61
-59
-58
-59
-58
-58
-59
-58
-58
-59
-59
-59
-59
-58
-58
-55
-58
No2
-53
-53
-54
-56
-54
-56
-55
-56
-53
-53
-54
-53
-56
-54
-54
-55
-54
-56
-54
-54
-56
-57
-57
-59
-59
-59
-59
-59
-57
-56
-54
-54
-54
-52
-56
-54
-56
-52
-57
-53
-51
-51
-51
-51
-52
-53
-52
-53
-50
-51
-51
-50
-50
-51
-52
-53
-54
-52
-54
-53
-53
-53
-51
-58
-51
-53
-50
-52
-51
-50
-51
-51
-50
-50
-49
-50
-51
-50
-49
-51
-50
-51
-50
-50
-50
