Nó 4
-59
-59
-58
-59
-59
-58
-58
-58
-59
-57
-59
-60
-59
-59
-59
-58
-59
-59
-59
-59
-59
-58
-59
-59
-58
-58
-59
-59
-58
-60
-59
-59
-59
-59
-62
-57
-61
-60
-60
-59
-60
-60
-60
-60
-60
-60
-59
-58
-57
-57
-59
-57
-58
-57
-58
-57
-59
-59
-60
-59
-59
-60
-60
-60
-59
-59
-60
-60
-59
-60
-60
-57
-57
-57
-57
-58
-57
-57
-58
-56
-59
-60
-60
-60
-59
-58
-57
-60
-59
-59
-58
-60
-60
-61
-59
-60
-61
-61
-60
-60
No3
-55
-55
-54
-55
-55
-55
-55
-54
-55
-56
-56
-54
-52
-55
-55
-55
-56
-54
-53
-53
-55
-53
-54
-55
-55
-56
-54
-55
-56
-55
-55
-57
-56
-56
-58
-58
-57
-57
-57
-57
-55
-56
-57
-58
-57
-57
-57
-56
-56
-55
-54
-56
-54
-56
-56
-56
-55
-56
-56
-56
-53
-53
-52
-52
-55
-55
-54
-55
-55
-54
-52
-54
-55
-55
-54
-56
-55
-55
-56
-55
-56
-56
-54
-53
-53
-54
-53
-55
-56
-55
-55
-55
-55
-55
-54
-54
-54
-55
-55
-54
No2
-50
-49
-51
-50
-51
-50
-51
-50
-52
-50
-50
-50
-51
-52
-50
-50
-50
-50
-50
-50
-50
-50
-52
-51
-51
-50
-51
-49
-50
-46
-48
-48
-47
-50
-51
-48
-50
-49
-51
-49
-50
-50
-50
-50
-51
-51
-50
-52
-52
-50
-51
-51
-51
-52
-48
-49
-50
-48
-48
-48
-48
-50
-51
-50
-50
-51
-51
-51
-49
