Nó 4
-59
-59
-59
-59
-60
-59
-60
-60
-60
-61
-62
-61
-60
-60
-62
-62
-60
-61
-62
-61
-61
-60
-58
-58
-60
-59
-60
-60
-61
-61
-61
-60
-60
-59
-58
-60
-59
-58
-58
-59
-59
-58
-59
-57
-58
-61
-60
-61
-60
-59
-59
-59
-59
-59
-60
-60
-58
-58
-57
-57
-57
-57
-57
-57
-57
-57
-56
-56
-59
-61
-61
-62
-61
-62
-61
-61
-60
-61
-55
-58
-58
-58
-59
-59
-59
-57
-60
-60
-61
-60
-60
-60
-61
-58
-58
-57
-58
-58
-61
-60
No3
-52
-52
-52
-53
-53
-54
-53
-53
-52
-53
-54
-55
-56
-54
-54
-54
-54
-54
-53
-53
-54
-53
-52
-51
-51
-52
-51
-52
-51
-51
-51
-53
-54
-56
-56
-53
-51
-49
-52
-51
-52
-51
-53
-52
-51
-51
-53
-57
-55
-55
-55
-54
-54
-54
-55
-50
-53
-49
-50
-53
-53
-52
-52
-52
-56
-54
-57
-53
-55
-56
-56
-55
-56
-52
-54
-51
-54
-53
-53
-53
-55
-55
-55
-55
-52
-53
-54
-54
-54
-53
-54
-51
-51
-51
-51
-54
-53
-55
-53
-53
No2
-48
-48
-48
-48
-49
-49
-48
-47
-47
-48
-48
-48
-49
-50
-48
-49
-48
-48
-43
-47
-47
-49
-47
-47
-46
-46
-46
-46
-45
-46
-46
-45
-45
-47
-45
-48
-49
-45
-43
-45
-46
-47
-45
-45
-45
-45
-45
-44
-44
-45
-44
-45
-49
-48
-45
-46
-47
-49
-45
-47
-46
-46
-45
-47
-48
-49
-48
-48
-48
-47
-48
-47
-48
-47
-49
-48
-46
-45
-48
-48
-48
-48
-46
-45
-46
-45
-44
-47
-52
-47
-48
-48
-51
-46
