Nó 4
-74
-74
-74
-75
-74
-71
-72
-72
-73
-73
-72
-72
-70
-71
-72
-70
-71
-72
-71
-72
-72
-70
-67
-67
-67
-68
-67
-71
-70
-69
-69
-69
-71
-70
-71
-71
-70
-68
-67
-66
-68
-69
-69
-68
-72
-71
-71
-75
-69
-68
-68
-75
-71
-71
-72
-72
-70
-71
-68
-69
-69
-74
-72
-71
-73
-71
-71
-74
-71
-76
-75
-73
-70
-71
-73
-71
-71
-72
-71
-68
-70
-70
-69
-69
-69
-68
-68
-69
-69
-69
-69
-72
-70
-71
-71
-69
-70
-70
-71
-66
No3
-55
-57
-56
-57
-57
-57
-56
-53
-53
-54
-55
-55
-58
-57
-58
-57
-58
-57
-55
-55
-56
-56
-54
-55
-57
-56
-56
-57
-58
-56
-57
-57
-58
-57
-55
-58
-55
-53
-53
-54
-56
-57
-56
-53
-53
-54
-59
-57
-55
-60
-55
-56
-53
-56
-54
-54
-54
-55
-55
-55
-56
-56
-54
-53
-57
-54
-53
-55
-56
-56
-56
-57
-57
-58
-55
-59
-60
-64
-61
-62
-64
-66
-64
-63
-66
-63
-65
-68
-69
-69
-62
-60
-58
-58
-61
-65
-61
-64
-61
-59
No2
-57
-56
-58
-59
-56
-55
-56
-56
-57
-60
-60
-59
-56
-57
-56
-56
-56
-57
-57
-58
-56
-59
-59
-60
-60
-56
-56
-58
-56
-58
-58
-54
-56
-54
-56
-57
-54
-56
-55
-57
-54
-55
-54
-57
-59
-57
-58
-60
-59
-60
-63
-58
-58
-60
-58
-58
-59
-61
-61
-62
-61
-59
-56
-58
-61
-56
-62
-60
-56
-57
-57
-56
-56
-59
-58
-58
-57
-58
-60
-59
-59
-56
-57
-54
-58
-58
-58
-56
-56
-58
-57
-57
-57
-57
-57
-57
-57
-58
-58
-57
