Nó 4
-65
-64
-64
-64
-63
-64
-64
-66
-66
-65
-62
-63
-62
-62
-62
-65
-64
-65
-64
-64
-65
-64
-66
-64
-65
-64
-65
-65
-66
-65
-64
-64
-65
-65
-64
-65
-65
-66
-66
-66
-65
-66
-65
-65
-65
-62
-63
-63
-62
-63
-62
-62
-63
-63
-64
-63
-64
-63
-64
-64
-63
-64
-63
-63
-63
-66
-65
-66
-65
-63
-63
-63
-64
-63
-63
-63
-62
-63
-63
-66
-64
-62
-62
-62
-64
-65
-65
-66
-65
-65
-66
-66
-66
-66
-65
-65
-66
-65
-66
-66
No3
-48
-47
-47
-47
-46
-45
-45
-44
-44
-44
-45
-45
-45
-47
-46
-45
-45
-45
-45
-46
-45
-45
-46
-46
-45
-45
-46
-45
-46
-45
-47
-46
-46
-45
-45
-46
-45
-46
-45
-46
-46
-45
-46
-45
-46
-45
-45
-46
-46
-45
-45
-46
-45
-44
-44
-44
-46
-45
-45
-45
-45
-45
-45
-44
-46
-43
-42
-43
-45
-45
-45
-43
-43
-43
-42
-46
-45
-44
-43
-46
-44
-47
-44
-45
-45
-45
-45
-46
-46
-43
-47
-44
-44
-47
-47
-47
-48
-48
-47
-48
No2
-44
-44
-44
-44
-44
-45
-43
-43
-43
-42
-40
-43
-44
-42
-42
-42
-43
-43
-43
-44
-44
-43
-44
-44
-44
-44
-43
-44
-44
-43
-45
-44
-44
-44
-44
-44
-42
-44
-41
-41
-42
-42
-45
-54
-43
-43
-44
-43
-44
-42
-41
-44
-42
-45
-42
-41
-51
-41
-41
-41
-42
-41
-42
-41
-41
-44
-44
-45
-43
-43
-44
-42
-44
-44
-42
-42
-44
-45
-45
-45
-47
-46
-43
-43
-43
-42
-46
-43
-44
-44
-44
-43
-44
-43
-43
-43
-44
-44
-43
-42
