Nó 4
-61
-61
-62
-59
-59
-61
-65
-60
-60
-62
-62
-62
-61
-62
-60
-61
-61
-61
-61
-61
-62
-63
-63
-64
-64
-64
-65
-63
-62
-62
-63
-63
-63
-60
-62
-64
-64
-62
-61
-63
-61
-60
-62
-62
-61
-62
-63
-61
-62
-62
-64
-63
-62
-63
-63
-63
-63
-64
-63
-62
-62
-66
-64
-63
-63
-63
-63
-63
-62
-60
-62
-61
-62
-61
-62
-61
-61
-61
-61
-61
-61
-62
-62
-62
-64
-60
-62
-61
-59
-63
-62
-62
-61
-62
-62
-61
-61
-63
-63
-63
No3
-47
-46
-45
-46
-49
-44
-48
-45
-46
-45
-46
-46
-45
-46
-46
-46
-47
-46
-45
-47
-48
-45
-47
-47
-47
-48
-46
-49
-51
-45
-49
-47
-48
-46
-48
-49
-47
-48
-47
-47
-45
-47
-46
-48
-45
-47
-46
-45
-43
-49
-50
-47
-47
-46
-46
-42
-45
-47
-49
-46
-47
-48
-47
-47
-47
-47
-51
-48
-44
-45
-45
-48
-48
-45
-47
-45
-42
-45
-44
-44
-44
-45
-44
-46
-44
-42
-45
-46
-46
-48
-46
-46
-47
-47
-45
-48
-48
-45
-48
-45
No2
-44
-44
-44
-45
-44
-46
-46
-44
-43
-44
-44
-41
-43
-44
-44
-45
-44
-44
-44
-44
-44
-43
-46
-45
-44
-45
-46
-42
-42
-42
-45
-46
-45
-46
-45
-45
-43
-47
-45
-44
-45
-43
-44
-45
-45
-45
-45
-44
-46
-45
-48
-47
-45
-44
-44
-44
-43
-45
-45
-44
-45
-41
-44
-45
-42
-51
-42
-46
-45
-45
-44
-46
-43
-44
-43
-44
-44
-44
-45
-45
-44
-45
-46
-46
-43
-46
-45
-45
-47
-47
-46
-45
-46
-43
-43
-44
-44
-46
-45
-45
