Nó 4
-71
-71
-71
-72
-70
-72
-68
-66
-68
-72
-73
-72
-68
-67
-68
-70
-68
-68
-69
-67
-65
-66
-65
-65
-66
-64
-61
-69
-69
-65
-67
-70
-70
-71
-63
-67
-67
-70
-71
-70
-70
-68
-67
-66
-69
-67
-68
-70
-69
-69
-69
-70
-71
-72
-70
-72
-71
-71
-76
-70
-69
-73
-71
-64
-67
-66
-66
-65
-68
-66
-66
-67
-68
-68
-69
-69
-69
-68
-68
-68
-71
-70
-69
-68
-67
-69
-67
-69
-66
-68
-66
-68
-68
-67
-70
-69
-70
-73
-68
-68
No3
-57
-57
-57
-57
-57
-55
-56
-56
-55
-55
-55
-56
-55
-53
-54
-55
-53
-55
-54
-56
-56
-56
-56
-57
-53
-53
-54
-53
-55
-52
-54
-55
-55
-54
-56
-55
-54
-54
-57
-56
-56
-57
-57
-57
-57
-55
-55
-55
-54
-57
-58
-57
-59
-58
-60
-59
-55
-61
-60
-60
-63
-58
-60
-59
-57
-55
-57
-56
-54
-57
-56
-54
-53
-55
-52
-53
-56
-57
-57
-53
-53
-53
-55
-55
-56
-55
-51
-51
-51
-53
-57
-52
-55
-53
-52
-56
-54
-56
-57
-55
No2
-58
-57
-58
-58
-59
-50
-57
-58
-55
-56
-55
-54
-55
-56
-56
-54
-51
-54
-52
-55
-56
-56
-55
-55
-55
-55
-55
-56
-58
-58
-56
-50
-54
-54
-56
-55
-58
-57
-56
-56
-58
-57
-58
-60
-58
-60
-60
-59
-58
-54
-54
-58
-60
-52
-52
-51
-53
-53
-53
-55
-56
-55
-53
-56
-56
-57
-58
-57
-59
-59
-58
-56
-57
-59
-56
-57
-58
-58
-55
-61
-57
-59
-59
-61
-54
-54
-53
-53
-53
-55
-54
-53
-54
-52
-52
-51
-49
-49
-49
-49
