Nó 4
-63
-67
-65
-69
-70
-69
-69
-65
-67
-68
-67
-67
-67
-67
-66
-69
-67
-66
-67
-66
-66
-67
-68
-67
-67
-68
-67
-66
-68
-89
-65
-65
-66
-65
-65
-65
-66
-65
-65
-65
-66
-65
-66
-65
-66
-66
-64
-65
-66
-66
-66
-65
-64
-67
-65
-67
-67
-67
-68
-67
-67
-67
-68
-71
-71
-69
-67
-67
-67
-67
-67
-68
-67
-68
-69
-69
-67
-69
-68
-67
-69
-67
-69
-69
-69
-69
-68
-68
-66
-68
-66
-68
-67
-68
-67
-68
-67
-67
-68
-69
No3
-69
-68
-62
-63
-65
-62
-65
-64
-63
-62
-65
-61
-63
-64
-61
-63
-65
-63
-62
-64
-63
-62
-63
-61
-62
-64
-63
-63
-62
-62
-63
-63
-60
-62
-60
-60
-61
-60
-61
-61
-60
-60
-60
-60
-60
-61
-60
-65
-64
-65
-62
-60
-61
-63
-63
-61
-60
-59
-58
-58
-58
-56
-58
-57
-58
-56
-56
-56
-56
-57
-56
-57
-61
-57
-57
-58
-57
-59
-57
-55
-56
-57
-58
-57
-58
-57
-58
-59
-59
-59
-57
-58
-58
-59
-66
-55
-54
-55
-60
-57
No2
-56
-57
-53
-54
-54
-58
-55
-55
-54
-53
-53
-53
-56
-54
-57
-56
-59
-55
-58
-57
-57
-54
-58
-57
-57
-56
-55
-55
-56
-62
-54
-54
-54
-54
-53
-54
-56
-55
-54
-57
-57
-55
-52
-53
-55
-53
-53
-53
-53
-53
-53
-53
-53
-54
-52
-51
-53
-53
-55
-55
-56
-56
-58
-57
-60
-57
-60
-57
-56
-57
-56
-57
-54
-57
-55
-56
-59
-55
-56
-57
-59
-57
-58
-56
-54
-55
-58
-58
-59
