Nó 4
-66
-65
-66
-63
-62
-64
-63
-63
-64
-60
-69
-67
-67
-66
-67
-66
-67
-67
-68
-68
-62
-59
-65
-61
-63
-63
-62
-64
-62
-63
-64
-62
-63
-59
-62
-62
-61
-60
-62
-61
-60
-60
-61
-61
-64
-61
-61
-62
-62
-61
-60
-61
-61
-59
-60
-59
-59
-60
-59
-62
-61
-62
-60
-61
-63
-63
-63
-60
-63
-64
-62
-61
-61
-62
-60
-60
-61
-61
-62
-62
-62
-62
-61
-66
-68
-63
-63
-63
-63
-62
-64
-63
-63
-65
-64
-66
-60
-64
-64
-60
No3
-51
-51
-50
-53
-53
-53
-52
-52
-53
-53
-49
-51
-51
-50
-56
-51
-51
-58
-58
-59
-57
-56
-57
-56
-57
-58
-56
-57
-57
-49
-49
-55
-55
-55
-55
-56
-55
-58
-58
-58
-57
-55
-54
-52
-54
-54
-55
-54
-54
-55
-55
-56
-54
-55
-57
-58
-56
-59
-56
-58
-58
-58
-58
-57
-55
-59
-56
-55
-58
-57
-57
-57
-56
-58
-57
-60
-59
-60
-56
-57
-57
-56
-57
-56
-59
-60
-58
-58
-59
-60
-58
-59
-56
-55
-54
-54
-55
-62
-57
-60
No2
-53
-52
-51
-49
-47
-50
-51
-61
-60
-57
-60
-58
-59
-60
-48
-47
-56
-58
-56
-56
-53
-57
-58
-57
-58
-58
-58
-58
-58
-61
-60
-61
-63
-59
-58
-59
-59
-59
-59
-59
-61
-59
-63
-62
-62
-59
-59
-57
-54
-60
-61
-63
-59
-60
-56
-57
-59
-61
-57
-58
-59
-60
-56
-58
-56
-55
-57
-59
-60
-59
-55
