Nó 4
-66
-67
-64
-61
-62
-64
-60
-61
-62
-61
-61
-60
-61
-63
-63
-63
-61
-61
-61
-60
-61
-60
-62
-61
-62
-63
-61
-64
-65
-61
-62
-62
-62
-62
-61
-62
-62
-62
-63
-63
-64
-61
-62
-62
-63
-63
-62
-60
-63
-63
-60
-61
-61
-60
-61
-61
-61
-61
-62
-62
-62
-61
-62
-62
-62
-62
-63
-63
-61
-61
-62
-65
-64
-64
-64
-63
-61
-62
-62
-62
-63
-63
-63
-63
-62
-61
-65
-64
-65
-63
-63
-62
-63
-63
-63
-62
-63
-62
-61
-59
No3
-45
-45
-43
-43
-43
-43
-42
-42
-43
-44
-42
-42
-44
-44
-47
-46
-46
-44
-43
-44
-44
-43
-41
-43
-43
-43
-43
-43
-42
-43
-43
-43
-48
-40
-44
-43
-43
-43
-43
-43
-43
-43
-43
-43
-43
-42
-43
-39
-43
-43
-42
-43
-42
-42
-42
-42
-42
-42
-43
-43
-43
-42
-42
-44
-43
-43
-44
-43
-42
-42
-42
-43
-43
-43
-42
-43
-44
-43
-44
-42
-44
-44
-44
-44
-44
-44
-44
-43
-43
-43
-47
-48
-46
-46
-46
-46
-44
-44
-44
-44
No2
-47
-44
-41
-41
-41
-42
-41
-41
-41
-42
-42
-41
-41
-42
-41
-43
-41
-45
-46
-41
-42
-42
-40
-42
-42
-43
-45
-42
-41
-42
-43
-42
-42
-42
-41
-42
-44
-42
-41
-41
-41
-41
-41
-41
-41
-41
-44
-42
-41
-43
-41
-39
-41
-40
-43
-42
-42
-43
-43
-43
-42
-42
-44
-43
-45
-44
-42
-42
-43
-43
-44
-45
-44
-45
-46
-48
-44
-41
-44
-43
-42
-42
-43
-45
-43
-42
-40
-43
-42
-41
-42
-41
-43
-42
-42
-42
-42
-42
-42
-42
