Nó 4
-77
-75
-75
-75
-76
-77
-77
-75
-76
-76
-76
-77
-80
-81
-77
-78
-73
-77
-75
-75
-75
-76
-77
-77
-75
-76
-76
-76
-77
-80
-81
-77
-78
-73
-77
-75
-75
-75
-76
-77
-77
-75
-76
-76
-76
-77
-80
-81
-77
-78
-73
-77
-75
-75
-75
-76
-77
-77
-75
-76
-76
-76
-77
-80
-81
-77
-78
-73
-77
-75
-75
-75
-76
-77
-77
-75
-76
-76
-76
-77
-80
-81
-77
-78
-73
-77
-75
-75
-75
-76
-77
-77
-75
-76
-76
-76
-77
-80
-81
-77
No3
-65
-65
-66
-65
-66
-68
-67
-65
-65
-66
-66
-66
-66
-66
-66
-65
-65
-67
-64
-66
-65
-65
-65
-64
-65
-65
-64
-65
-65
-65
-65
-67
-66
-66
-65
-65
-65
-67
-63
-66
-66
-66
-66
-65
-65
-67
-66
-66
-66
-65
-67
-64
-64
-65
-65
-66
-66
-63
-66
-66
-66
-66
-65
-65
-67
-66
-66
-66
-67
-69
-63
-64
-63
-62
-64
-64
-63
-62
-62
-63
-61
-61
No2
-55
-52
-52
-54
-52
-52
-53
-54
-53
-52
-53
-53
-53
-53
-53
-53
-53
-53
-53
-53
-52
-54
-54
-53
-55
-53
-53
-54
-54
-54
-53
-53
-56
-54
-53
-53
-52
-54
-53
-57
-53
-54
-54
-54
-54
-53
-55
-54
-55
-53
-53
-54
-54
-56
-54
-56
-53
-54
-54
-54
-54
-54
-54
-53
-54
-54
-55
-54
-54
-54
-54
-53
-54
-54
-53
-53
-53
-53
-54
-54
-53
-53
-53
-53
-52
