Nó 4
-64
-66
-64
-66
-65
-64
-63
-65
-65
-65
-65
-66
-64
-64
-63
-65
-66
-67
-68
-68
-64
-65
-65
-64
-63
-64
-64
-63
-65
-65
-65
-65
-65
-65
-68
-64
-64
-65
-63
-64
-65
-64
-64
-62
-63
-63
-63
-63
-63
-63
-63
-64
-64
-63
-63
-64
-64
-63
-64
-63
-63
-63
-64
-64
-64
-64
-64
-64
-63
-63
-64
-65
-65
-64
-63
No3
-57
-57
-57
-58
-60
-60
-58
-57
-59
-59
-59
-58
-58
-57
-56
-58
-59
-61
-61
-56
-57
-59
-56
-59
-58
-58
-57
-58
-57
-56
-56
-56
-57
-56
-56
-57
-55
-57
-58
-56
-57
-57
-57
-56
-56
-56
-55
-56
-57
-56
-56
-57
-57
-57
-57
-57
-57
-57
-59
-57
-57
-57
-56
-57
-57
-58
-56
-56
-58
-57
No2
-52
-53
-50
-52
-53
-52
-52
-51
-51
-52
-52
-53
-54
-51
-51
-50
-51
-52
-52
-50
-52
-51
-51
-52
-51
-51
-51
-51
-52
-51
-51
-51
-51
-52
-52
-50
-50
-53
-51
-50
-51
-50
-52
-52
-52
-51
-51
-51
-52
-51
-50
-52
-51
-51
-52
-49
-51
