Nó 4
-71
-72
-72
-70
-69
-70
-70
-70
-70
-70
-71
-71
-71
-71
-69
-69
-70
-70
-71
-70
-70
-66
-70
-71
-71
-71
-70
-71
-70
-70
-71
-70
-70
-71
-72
-71
-72
-72
-73
-71
-71
-71
-72
-71
-71
-71
-72
-71
-70
-72
-71
-71
-71
-72
-71
-72
-72
-71
-70
-71
-70
-71
-71
-71
-71
-71
-71
-71
-71
-74
-71
No3
-57
-56
-57
-55
-58
-56
-55
-56
-56
-55
-55
-55
-56
-55
-55
-54
-54
-55
-57
-55
-56
-57
-55
-55
-55
-55
-57
-56
-56
-56
-57
-56
-55
-55
-55
-55
-56
-54
-55
-55
-56
-56
-55
-55
-56
-56
-56
-55
-55
-55
-56
-55
-55
-56
No2
-51
-51
-52
-51
-50
-50
-50
-50
-50
-52
-50
-58
-50
-51
-51
-50
-51
-52
-51
-50
-51
-51
-51
-51
-50
-51
-50
-51
-51
-50
-52
-50
-52
-51
-50
-51
-51
-50
-51
-50
-50
-50
-50
-50
-50
-49
-51
-50
-49
-51
-50
-50
-50
-49
-51
-51
-49
-50
-50
-48
-50
-49
