Nó 4
-65
-65
-64
-66
-66
-65
-66
-66
-64
-64
-64
-65
-66
-65
-65
-64
-65
-64
-64
-65
-64
-65
-64
-65
-64
-65
-64
-65
-65
-65
-65
-66
-66
-65
-66
-66
-65
-67
-66
-65
-66
-66
-66
-66
-66
-67
-65
-65
-66
-67
-65
-66
-66
-65
-66
-65
-65
-65
-65
-66
-65
-64
-66
-65
-65
-65
-68
-66
-65
-66
-65
-65
-65
-65
-65
-65
-65
-66
-65
-65
-65
-64
-64
-64
-64
-64
-64
-63
-64
-64
-63
-65
-65
-64
-64
-65
No3
-54
-54
-55
-55
-54
-54
-54
-53
-54
-54
-54
-54
-55
-55
-55
-54
-53
-56
-55
-54
-53
-55
-54
-54
-54
-55
-55
-55
-54
-52
-53
-52
-53
-54
-53
-54
-54
-54
-54
-53
-54
-54
-55
-53
-55
-53
-54
-58
-54
-54
-53
-54
-54
-56
-54
-54
-55
-55
-57
-56
-54
-54
-56
-54
-54
-54
-54
-54
-54
-54
-54
-55
-54
-54
-54
-54
-55
-54
-55
-54
-53
-54
-55
-54
-54
-54
-54
-55
-54
-54
-54
-54
-54
-55
-54
-54
-54
-53
-54
-55
No2
-51
-50
-49
-50
-49
-49
-48
-50
-51
-50
-50
-51
-51
-50
-50
-50
-49
-49
-51
-50
-50
-50
-50
-49
-49
-50
-49
-51
-51
-50
-50
-49
-49
-51
-51
-50
-50
-51
-50
-51
-50
-50
-51
-52
-51
-50
-50
-50
-50
-49
-48
-50
-49
-50
-50
-49
-49
-49
-49
-49
-50
-49
-50
-50
-50
-49
-50
-49
-50
-51
-50
-50
-49
-50
-49
-50
-50
-50
-50
-51
-50
-50
-51
-56
-49
-50
-49
-52
-49
-49
-48
-49
-50
-49
-50
-48
-49
-48
-49
-49
