Nó 4
-65
-70
-70
-67
-66
-66
-66
-66
-66
-67
-68
-66
-68
-67
-67
-68
-67
-68
-69
-67
-68
-68
-69
-66
-66
-67
-67
-68
-68
-66
-69
-67
-68
-67
-68
-67
-66
-67
-66
-68
-66
-68
-69
-67
-67
-66
-68
-66
-67
-68
-67
-67
-68
-67
-67
-67
-67
-67
-68
-66
-68
-67
-66
-66
-68
-66
-67
-67
-67
-67
-69
-68
-66
-67
-68
-67
-67
-68
-68
-66
-68
-66
-66
-66
-66
-66
No3
-55
-58
-60
-57
-55
-56
-58
-56
-55
-55
-56
-56
-56
-56
-56
-56
-57
-57
-56
-56
-57
-58
-59
-56
-56
-55
-56
-56
-56
-56
-57
-56
-57
-56
-56
-59
-57
-56
-56
-57
-57
-57
-55
-56
-57
-56
-56
-57
-56
-56
-57
-56
-56
-55
-56
-56
-56
-57
-56
-56
-56
-56
-56
-57
-56
-57
-56
-56
-56
-56
-56
-57
-56
-56
-56
-56
-56
-56
-56
-56
-54
No2
-48
-49
-51
-50
-50
-49
-48
-49
-45
-49
-49
-48
-47
-45
-49
-49
-49
-48
-46
-45
-48
-48
-46
-48
-49
-49
-46
-46
-49
-49
-48
-55
-49
-47
-48
-48
-46
-48
-48
-45
-49
-49
-48
-49
-46
-48
-49
-49
-49
-49
-48
-48
-52
-48
-49
-49
-48
-49
-49
-50
-49
-46
-46
-46
-49
-50
-46
-48
-46
-50
-49
-48
-48
-48
-49
-45
-48
-49
-49
-50
-47
-46
-47
-48
-51
-49
-49
-46
