Nó 4
-69
-68
-67
-68
-67
-67
-68
-69
-68
-65
-68
-68
-68
-69
-69
-69
-67
-68
-68
-68
-68
-67
-68
-69
-68
-68
-69
-68
-67
-66
-68
-68
-69
-69
-69
-68
-68
-69
-68
-69
-69
-67
-68
-69
-69
-68
-69
-68
-70
-69
-68
-69
-69
-69
-69
-68
-70
-69
-69
-69
-68
-68
-70
-68
-69
-69
-68
-68
-69
-68
-68
-69
-68
-68
-68
-69
-68
-69
-68
-67
-70
-70
-70
-70
-70
-70
-70
-70
-70
-70
-70
-70
-69
-69
-69
-70
-70
-70
-69
-70
No3
-55
-54
-54
-56
-54
-55
-56
-55
-54
-56
-55
-56
-54
-55
-55
-56
-55
-57
-58
-55
-54
-55
-56
-55
-55
-55
-54
-56
-54
-55
-54
-55
-55
-55
-55
-55
-55
-55
-54
-55
-55
-56
-57
-55
-55
-56
-54
-55
-55
-55
-55
-55
-54
-55
-55
-55
-56
-55
-56
-55
-55
-55
-55
-56
-55
-55
-55
-57
-55
-55
-55
-55
-55
-55
-55
-55
-55
-55
-56
-55
-56
-56
-58
-56
-56
-56
-56
-56
-56
-56
-56
-56
-57
-56
-56
-55
-55
-56
-55
-55
No2
-49
-50
-51
-51
-51
-52
-52
-52
-51
-51
-51
-52
-51
-51
-51
-51
-51
-51
-51
-51
-51
-52
-52
-51
-51
-52
-52
-52
-52
-51
-51
-51
-51
-51
-52
-50
-52
-51
-52
-51
-51
-51
-51
-51
-52
-52
-51
-51
-50
-51
-50
-52
-50
-51
-51
-51
-51
-54
-50
-51
-51
-50
-50
-52
-51
-51
-51
-51
-51
-51
-51
-51
-51
-52
-51
-51
-51
-53
-51
-51
-51
-50
-51
-52
-51
-52
