Nó 4
-64
-66
-67
-66
-67
-66
-65
-67
-67
-65
-66
-66
-67
-66
-67
-67
-66
-66
-66
-67
-67
-66
-66
-67
-65
-66
-66
-67
-67
-66
-66
-66
-64
-65
-66
-67
-67
-65
-67
-68
-67
-66
-66
-66
-68
-67
-66
-66
-67
-67
-67
-68
-66
-66
-67
-67
No3
-56
-56
-55
-56
-57
-56
-56
-52
-56
-56
-56
-56
-56
-56
-56
-56
-56
-55
-55
-56
-56
-56
-55
-56
-56
-56
-57
-57
-57
-57
-57
-57
-56
-56
-55
-55
-57
-55
-57
-56
-55
-55
-55
-55
-55
-55
-55
-56
-56
-56
-56
-54
-55
-56
-56
-58
-55
-55
-56
-56
-57
-55
-56
-56
-58
-56
-56
-56
-57
-56
-56
-56
-57
-60
-56
No2
-54
-54
-53
-54
-53
-54
-54
-53
-53
-53
-57
-54
-53
-54
-51
-53
-54
-53
-53
-53
-53
-51
-54
-52
-53
-53
-52
-52
-53
